Release 14.7 - xst P.20131013 (nt64)
Copyright (c) 1995-2013 Xilinx, Inc.  All rights reserved.
--> Parameter TMPDIR set to xst/projnav.tmp


Total REAL time to Xst completion: 0.00 secs
Total CPU time to Xst completion: 0.17 secs
 
--> Parameter xsthdpdir set to xst


Total REAL time to Xst completion: 0.00 secs
Total CPU time to Xst completion: 0.17 secs
 
--> Reading design: Flash.prj

TABLE OF CONTENTS
  1) Synthesis Options Summary
  2) HDL Compilation
  3) Design Hierarchy Analysis
  4) HDL Analysis
  5) HDL Synthesis
     5.1) HDL Synthesis Report
  6) Advanced HDL Synthesis
     6.1) Advanced HDL Synthesis Report
  7) Low Level Synthesis
  8) Partition Report
  9) Final Report
	9.1) Device utilization summary
	9.2) Partition Resource Summary
	9.3) TIMING REPORT


=========================================================================
*                      Synthesis Options Summary                        *
=========================================================================
---- Source Parameters
Input File Name                    : "Flash.prj"
Input Format                       : mixed
Ignore Synthesis Constraint File   : NO

---- Target Parameters
Output File Name                   : "Flash"
Output Format                      : NGC
Target Device                      : xc3s500e-5-fg320

---- Source Options
Top Module Name                    : Flash
Automatic FSM Extraction           : YES
FSM Encoding Algorithm             : Auto
Safe Implementation                : No
FSM Style                          : LUT
RAM Extraction                     : Yes
RAM Style                          : Auto
ROM Extraction                     : Yes
Mux Style                          : Auto
Decoder Extraction                 : YES
Priority Encoder Extraction        : Yes
Shift Register Extraction          : YES
Logical Shifter Extraction         : YES
XOR Collapsing                     : YES
ROM Style                          : Auto
Mux Extraction                     : Yes
Resource Sharing                   : YES
Asynchronous To Synchronous        : NO
Multiplier Style                   : Auto
Automatic Register Balancing       : No

---- Target Options
Add IO Buffers                     : YES
Global Maximum Fanout              : 100000
Add Generic Clock Buffer(BUFG)     : 24
Register Duplication               : YES
Slice Packing                      : YES
Optimize Instantiated Primitives   : NO
Use Clock Enable                   : Yes
Use Synchronous Set                : Yes
Use Synchronous Reset              : Yes
Pack IO Registers into IOBs        : Auto
Equivalent register Removal        : YES

---- General Options
Optimization Goal                  : Speed
Optimization Effort                : 1
Keep Hierarchy                     : No
Netlist Hierarchy                  : As_Optimized
RTL Output                         : Yes
Global Optimization                : AllClockNets
Read Cores                         : YES
Write Timing Constraints           : NO
Cross Clock Analysis               : NO
Hierarchy Separator                : /
Bus Delimiter                      : <>
Case Specifier                     : Maintain
Slice Utilization Ratio            : 100
BRAM Utilization Ratio             : 100
Verilog 2001                       : YES
Auto BRAM Packing                  : NO
Slice Utilization Ratio Delta      : 5

---- Other Options
Cores Search Directories           : {"ipcore_dir"  }

=========================================================================


=========================================================================
*                          HDL Compilation                              *
=========================================================================
Compiling vhdl file "C:/Users/Student/Desktop/LAB 13/Flash/DCM32to24.vhd" in Library work.
Entity <dcm32to24> compiled.
Entity <dcm32to24> (Architecture <behavioral>) compiled.
Compiling vhdl file "C:/Users/Student/Desktop/LAB 13/Flash/ipcore_dir/counter30.vhd" in Library work.
Architecture counter30_a of Entity counter30 is up to date.
Compiling vhdl file "C:/Users/Student/Desktop/LAB 13/Flash/ipcore_dir/memory.vhd" in Library work.
Architecture memory_a of Entity memory is up to date.
Compiling vhdl file "C:/Users/Student/Desktop/LAB 13/Flash/dac8.vhd" in Library work.
Architecture behavioral of Entity dac8 is up to date.
Compiling vhdl file "C:/Users/Student/Desktop/LAB 13/Flash/Flash.vhd" in Library work.
Architecture behavioral of Entity flash is up to date.

=========================================================================
*                     Design Hierarchy Analysis                         *
=========================================================================
Analyzing hierarchy for entity <Flash> in library <work> (architecture <behavioral>).

Analyzing hierarchy for entity <DCM32to24> in library <work> (architecture <behavioral>).

Analyzing hierarchy for entity <dac8> in library <work> (architecture <behavioral>).


=========================================================================
*                            HDL Analysis                               *
=========================================================================
Analyzing Entity <Flash> in library <work> (Architecture <behavioral>).
WARNING:Xst:2211 - "C:/Users/Student/Desktop/LAB 13/Flash/Flash.vhd" line 81: Instantiating black box module <counter30>.
WARNING:Xst:2211 - "C:/Users/Student/Desktop/LAB 13/Flash/Flash.vhd" line 86: Instantiating black box module <memory>.
Entity <Flash> analyzed. Unit <Flash> generated.

Analyzing Entity <DCM32to24> in library <work> (Architecture <behavioral>).
    Set user-defined property "CLKDV_DIVIDE =  2.0000000000000000" for instance <DCM_SP_INST> in unit <DCM32to24>.
    Set user-defined property "CLKFX_DIVIDE =  25" for instance <DCM_SP_INST> in unit <DCM32to24>.
    Set user-defined property "CLKFX_MULTIPLY =  12" for instance <DCM_SP_INST> in unit <DCM32to24>.
    Set user-defined property "CLKIN_DIVIDE_BY_2 =  FALSE" for instance <DCM_SP_INST> in unit <DCM32to24>.
    Set user-defined property "CLKIN_PERIOD =  20.0000000000000000" for instance <DCM_SP_INST> in unit <DCM32to24>.
    Set user-defined property "CLKOUT_PHASE_SHIFT =  NONE" for instance <DCM_SP_INST> in unit <DCM32to24>.
    Set user-defined property "CLK_FEEDBACK =  NONE" for instance <DCM_SP_INST> in unit <DCM32to24>.
    Set user-defined property "DESKEW_ADJUST =  SYSTEM_SYNCHRONOUS" for instance <DCM_SP_INST> in unit <DCM32to24>.
    Set user-defined property "DFS_FREQUENCY_MODE =  LOW" for instance <DCM_SP_INST> in unit <DCM32to24>.
    Set user-defined property "DLL_FREQUENCY_MODE =  LOW" for instance <DCM_SP_INST> in unit <DCM32to24>.
    Set user-defined property "DSS_MODE =  NONE" for instance <DCM_SP_INST> in unit <DCM32to24>.
    Set user-defined property "DUTY_CYCLE_CORRECTION =  TRUE" for instance <DCM_SP_INST> in unit <DCM32to24>.
    Set user-defined property "FACTORY_JF =  C080" for instance <DCM_SP_INST> in unit <DCM32to24>.
    Set user-defined property "PHASE_SHIFT =  0" for instance <DCM_SP_INST> in unit <DCM32to24>.
    Set user-defined property "STARTUP_WAIT =  FALSE" for instance <DCM_SP_INST> in unit <DCM32to24>.
Entity <DCM32to24> analyzed. Unit <DCM32to24> generated.

Analyzing Entity <dac8> in library <work> (Architecture <behavioral>).
Entity <dac8> analyzed. Unit <dac8> generated.


=========================================================================
*                           HDL Synthesis                               *
=========================================================================

Performing bidirectional port resolution...

Synthesizing Unit <dac8>.
    Related source file is "C:/Users/Student/Desktop/LAB 13/Flash/dac8.vhd".
    Found 9-bit register for signal <sum>.
    Found 9-bit adder for signal <sum$add0000> created at line 38.
    Summary:
	inferred   9 D-type flip-flop(s).
	inferred   1 Adder/Subtractor(s).
Unit <dac8> synthesized.


Synthesizing Unit <DCM32to24>.
    Related source file is "C:/Users/Student/Desktop/LAB 13/Flash/DCM32to24.vhd".
Unit <DCM32to24> synthesized.


Synthesizing Unit <Flash>.
    Related source file is "C:/Users/Student/Desktop/LAB 13/Flash/Flash.vhd".
WARNING:Xst:1306 - Output <Audio> is never assigned.
WARNING:Xst:646 - Signal <count<19:0>> is assigned but never used. This unconnected signal will be trimmed during the optimization process.
Unit <Flash> synthesized.


=========================================================================
HDL Synthesis Report

Macro Statistics
# Adders/Subtractors                                   : 1
 9-bit adder                                           : 1
# Registers                                            : 1
 9-bit register                                        : 1

=========================================================================

=========================================================================
*                       Advanced HDL Synthesis                          *
=========================================================================

Reading core <ipcore_dir/counter30.ngc>.
Reading Secure Unit <blk00000001>.
Reading core <ipcore_dir/memory.ngc>.
Loading core <counter30> for timing and area information for instance <addr_counter>.
Loading core <memory> for timing and area information for instance <rom_memory>.

=========================================================================
Advanced HDL Synthesis Report

Macro Statistics
# Adders/Subtractors                                   : 1
 9-bit adder                                           : 1
# Registers                                            : 9
 Flip-Flops                                            : 9

=========================================================================

=========================================================================
*                         Low Level Synthesis                           *
=========================================================================

Optimizing unit <Flash> ...

Optimizing unit <dac8> ...

Mapping all equations...
Building and optimizing final netlist ...
Found area constraint ratio of 100 (+ 5) on block Flash, actual ratio is 0.

Final Macro Processing ...

=========================================================================
Final Register Report

Macro Statistics
# Registers                                            : 9
 Flip-Flops                                            : 9

=========================================================================

=========================================================================
*                           Partition Report                            *
=========================================================================

Partition Implementation Status
-------------------------------

  No Partitions were found in this design.

-------------------------------

=========================================================================
*                            Final Report                               *
=========================================================================
Final Results
RTL Top Level Output File Name     : Flash.ngr
Top Level Output File Name         : Flash
Output Format                      : NGC
Optimization Goal                  : Speed
Keep Hierarchy                     : No

Design Statistics
# IOs                              : 3

Cell Usage :
# BELS                             : 27
#      GND                         : 2
#      LUT2                        : 8
#      MUXCY                       : 8
#      VCC                         : 1
#      XORCY                       : 8
# FlipFlops/Latches                : 9
#      FD                          : 9
# RAMS                             : 1
#      RAMB16_S18_S18              : 1
# Clock Buffers                    : 2
#      BUFG                        : 2
# IO Buffers                       : 2
#      IBUFG                       : 1
#      OBUF                        : 1
# DCMs                             : 1
#      DCM_SP                      : 1
=========================================================================

Device utilization summary:
---------------------------

Selected Device : 3s500efg320-5 

 Number of Slices:                        5  out of   4656     0%  
 Number of Slice Flip Flops:              9  out of   9312     0%  
 Number of 4 input LUTs:                  8  out of   9312     0%  
 Number of IOs:                           3
 Number of bonded IOBs:                   2  out of    232     0%  
 Number of BRAMs:                         1  out of     20     5%  
 Number of GCLKs:                         2  out of     24     8%  
 Number of DCMs:                          1  out of      4    25%  

---------------------------
Partition Resource Summary:
---------------------------

  No Partitions were found in this design.

---------------------------


=========================================================================
TIMING REPORT

NOTE: THESE TIMING NUMBERS ARE ONLY A SYNTHESIS ESTIMATE.
      FOR ACCURATE TIMING INFORMATION PLEASE REFER TO THE TRACE REPORT
      GENERATED AFTER PLACE-and-ROUTE.

Clock Information:
------------------
-----------------------------------+----------------------------------------------------------------------------------------------------------------------------------+-------+
Clock Signal                       | Clock buffer(FF name)                                                                                                            | Load  |
-----------------------------------+----------------------------------------------------------------------------------------------------------------------------------+-------+
clk                                | IBUFG+BUFG                                                                                                                       | 39    |
clk                                | Inst_DCM32to24/DCM_SP_INST:CLKFX                                                                                                 | 1     |
rom_memory/N1                      | NONE(rom_memory/U0/xst_blk_mem_generator/gnativebmg.native_blk_mem_gen/valid.cstr/ramloop[0].ram.r/s3_init.ram/dpram.dp18x18.ram)| 1     |
-----------------------------------+----------------------------------------------------------------------------------------------------------------------------------+-------+
INFO:Xst:2169 - HDL ADVISOR - Some clock signals were not automatically buffered by XST with BUFG/BUFR resources. Please use the buffer_type constraint in order to insert these buffers to the clock signals to help prevent skew problems.

Asynchronous Control Signals Information:
----------------------------------------
No asynchronous control signals found in this design

Timing Summary:
---------------
Speed Grade: -5

   Minimum period: 14.663ns (Maximum Frequency: 68.197MHz)
   Minimum input arrival time before clock: No path found
   Maximum output required time after clock: 4.040ns
   Maximum combinational path delay: No path found

Timing Detail:
--------------
All values displayed in nanoseconds (ns)

=========================================================================
Timing constraint: Default period analysis for Clock 'clk'
  Clock period: 14.663ns (frequency: 68.197MHz)
  Total number of paths / destination ports: 599 / 49
-------------------------------------------------------------------------
Delay:               1.222ns (Levels of Logic = 2)
  Source:            sec_inst (FF)
  Destination:       rom_memory/U0/xst_blk_mem_generator/gnativebmg.native_blk_mem_gen/valid.cstr/ramloop[0].ram.r/s3_init.ram/dpram.dp18x18.ram (RAM)
  Source Clock:      clk rising
  Destination Clock: clk rising 0.5X

  Data Path: sec_inst to rom_memory/U0/xst_blk_mem_generator/gnativebmg.native_blk_mem_gen/valid.cstr/ramloop[0].ram.r/s3_init.ram/dpram.dp18x18.ram
                                Gate     Net
    Cell:in->out      fanout   Delay   Delay  Logical Name (Net Name)
    ----------------------------------------  ------------
     SEC:C->out            2   0.514   0.380  sec_inst (sec_net)
     end scope: 'blk00000001'
     end scope: 'addr_counter'
     begin scope: 'rom_memory'
     RAMB16_S18_S18:ADDRA8        0.328          U0/xst_blk_mem_generator/gnativebmg.native_blk_mem_gen/valid.cstr/ramloop[0].ram.r/s3_init.ram/dpram.dp18x18.ram
    ----------------------------------------
    Total                      1.222ns (0.842ns logic, 0.380ns route)
                                       (68.9% logic, 31.1% route)

=========================================================================
Timing constraint: Default OFFSET OUT AFTER for Clock 'clk'
  Total number of paths / destination ports: 1 / 1
-------------------------------------------------------------------------
Offset:              4.040ns (Levels of Logic = 1)
  Source:            Inst_dac8/sum_8 (FF)
  Destination:       A14 (PAD)
  Source Clock:      clk rising

  Data Path: Inst_dac8/sum_8 to A14
                                Gate     Net
    Cell:in->out      fanout   Delay   Delay  Logical Name (Net Name)
    ----------------------------------------  ------------
     FD:C->Q               1   0.514   0.357  Inst_dac8/sum_8 (Inst_dac8/sum_8)
     OBUF:I->O                 3.169          A14_OBUF (A14)
    ----------------------------------------
    Total                      4.040ns (3.683ns logic, 0.357ns route)
                                       (91.2% logic, 8.8% route)

=========================================================================


Total REAL time to Xst completion: 7.00 secs
Total CPU time to Xst completion: 6.79 secs
 
--> 

Total memory usage is 285408 kilobytes

Number of errors   :    0 (   0 filtered)
Number of warnings :    4 (   0 filtered)
Number of infos    :    1 (   0 filtered)

